ISim log file
Running: C:\Users\Virtu\Desktop\New folder\updated\tb_finalized_isim_beh.exe -intstyle ise -gui -tclbatch isim.cmd -wdb C:/Users/Virtu/Desktop/New folder/updated/tb_finalized_isim_beh.wdb 
ISim P.58f (signature 0x8ef4fb42)
----------------------------------------------------------------------
INFO:Security:50 - The XILINXD_LICENSE_FILE environment variable is set to 'C:\Xilinx\license'.
INFO:Security:52 - The LM_LICENSE_FILE environment variable is set to '?C:\Xilinx\14.5\ISE_DS\ISE\xilinx_ise.lic'.
WARNING:Security:43 - No license file was found in the standard Xilinx license directory.
WARNING:Security:44 - Since no license file was found,
       please run the Xilinx License Configuration Manager
       (xlcm or "Manage Xilinx Licenses")
       to assist in obtaining a license.
WARNING:Security:42 - Your license support version '2025.01' for ISIM expires in 17 days after which you will not qualify for Xilinx software updates or new releases.


----------------------------------------------------------------------
This is a Full version of ISim.
Time resolution is 1 ps
# onerror resume
# wave add /
# run 1000 ns
Simulator is doing circuit initialization process.
Finished circuit initialization process.
